<?xml version="1.0" encoding="UTF-8"?>
<!-- Generated by org.testng.reporters.JUnitReportReporter -->
<testsuite hostname="SharmaPC" name="org.testing.Testscript.TC1" tests="1" failures="0" timestamp="7 Aug 2019 15:12:54 GMT" time="36.341" errors="0">
  <testcase name="marketing" time="36.341" classname="org.testing.Testscript.TC1"/>
</testsuite> <!-- org.testing.Testscript.TC1 -->
