<?xml version="1.0" encoding="UTF-8"?>
<!-- Generated by org.testng.reporters.JUnitReportReporter -->
<testsuite hostname="SharmaPC" name="mmpkg.MMclass" tests="1" failures="0" timestamp="7 Aug 2019 04:37:00 GMT" time="0.014" errors="0">
  <testcase name="mm" time="0.014" classname="mmpkg.MMclass"/>
</testsuite> <!-- mmpkg.MMclass -->
