<?xml version="1.0" encoding="UTF-8"?>
<!-- Generated by org.testng.reporters.JUnitReportReporter -->
<testsuite hostname="SharmaPC" name="org.testing.Testscript.TC2" tests="1" failures="0" timestamp="7 Aug 2019 15:07:22 GMT" time="35.714" errors="0">
  <testcase name="sales" time="35.714" classname="org.testing.Testscript.TC2"/>
</testsuite> <!-- org.testing.Testscript.TC2 -->
