<?xml version="1.0" encoding="UTF-8"?>
<!-- Generated by org.testng.reporters.JUnitReportReporter -->
<testsuite hostname="SharmaPC" name="org.testing.Testscript.TC4" tests="1" failures="0" timestamp="7 Aug 2019 15:07:22 GMT" time="53.344" errors="0">
  <testcase name="analytics" time="53.344" classname="org.testing.Testscript.TC4"/>
</testsuite> <!-- org.testing.Testscript.TC4 -->
