<?xml version="1.0" encoding="UTF-8"?>
<!-- Generated by org.testng.reporters.JUnitReportReporter -->
<testsuite hostname="SharmaPC" name="org.testing.Setting.Setting" tests="1" failures="0" timestamp="7 Aug 2019 15:12:54 GMT" time="31.140" errors="0">
  <testcase name="marketing" time="31.140" classname="org.testing.Setting.Setting"/>
</testsuite> <!-- org.testing.Setting.Setting -->
